::1 - - [23/Aug/2019:00:05:22 +0000] "GET / HTTP/1.1" 200 14
::1 - - [23/Aug/2019:00:05:23 +0000] "GET /favicon.ico HTTP/1.1" 404 150
::1 - - [23/Aug/2019:00:36:43 +0000] "GET / HTTP/1.1" 304 -
::1 - - [23/Aug/2019:00:36:44 +0000] "GET / HTTP/1.1" 304 -
::1 - - [23/Aug/2019:00:36:44 +0000] "GET / HTTP/1.1" 304 -
::1 - - [23/Aug/2019:00:37:23 +0000] "GET / HTTP/1.1" 200 29
::1 - - [23/Aug/2019:00:37:23 +0000] "GET /favicon.ico HTTP/1.1" 404 150
::1 - - [23/Aug/2019:00:46:42 +0000] "GET / HTTP/1.1" 200 58
::1 - - [23/Aug/2019:00:50:19 +0000] "GET / HTTP/1.1" 304 -
::1 - - [23/Aug/2019:00:51:41 +0000] "GET / HTTP/1.1" 200 58
::1 - - [23/Aug/2019:00:51:42 +0000] "GET /favicon.ico HTTP/1.1" 404 150
::1 - - [23/Aug/2019:00:59:50 +0000] "GET / HTTP/1.1" 200 58
::1 - - [23/Aug/2019:02:25:18 +0000] "GET /favicon.ico HTTP/1.1" 404 150
::1 - - [25/Aug/2019:13:55:19 +0000] "POST /posts HTTP/1.1" - -
::1 - - [25/Aug/2019:13:57:04 +0000] "POST /posts HTTP/1.1" 200 110
::1 - - [27/Aug/2019:19:51:15 +0000] "POST /posts HTTP/1.1" 400 17
::1 - - [27/Aug/2019:19:53:13 +0000] "POST /posts HTTP/1.1" 400 2489
::1 - - [27/Aug/2019:19:54:29 +0000] "POST /posts HTTP/1.1" 400 110
::1 - - [27/Aug/2019:20:00:32 +0000] "POST /posts HTTP/1.1" 400 110
::1 - - [27/Aug/2019:20:01:01 +0000] "POST /posts HTTP/1.1" 400 56
::1 - - [27/Aug/2019:20:01:18 +0000] "POST /posts HTTP/1.1" 400 56
::1 - - [27/Aug/2019:20:01:27 +0000] "POST /posts HTTP/1.1" 400 72
::1 - - [27/Aug/2019:20:02:04 +0000] "POST /posts HTTP/1.1" 400 20
::1 - - [27/Aug/2019:20:02:20 +0000] "POST /posts HTTP/1.1" 400 20
::1 - - [27/Aug/2019:20:03:33 +0000] "POST /posts HTTP/1.1" 400 26
::1 - - [27/Aug/2019:20:03:55 +0000] "POST /posts HTTP/1.1" 400 54
::1 - - [27/Aug/2019:20:04:20 +0000] "POST /posts HTTP/1.1" 200 109
::1 - - [27/Aug/2019:20:17:00 +0000] "POST /posts HTTP/1.1" 200 109
::1 - - [27/Aug/2019:20:19:02 +0000] "POST /posts HTTP/1.1" 200 109
::1 - - [27/Aug/2019:20:33:03 +0000] "GET / HTTP/1.1" 200 112
::1 - - [27/Aug/2019:20:35:11 +0000] "GET / HTTP/1.1" 200 112
::1 - - [27/Aug/2019:20:38:14 +0000] "GET / HTTP/1.1" 200 104
